<?xml version="1.0" encoding="utf-8"?><testsuites name="pytest tests"><testsuite name="pytest" errors="0" failures="0" skipped="0" tests="15" time="1.322" timestamp="2026-05-10T04:16:22.719940+00:00" hostname="agent-env-b2352844-8435-42ef-8479-0901a3243211"><testcase classname="backend.tests.backend_test.TestHealth" name="test_health_check_local" time="0.008" /><testcase classname="backend.tests.backend_test.TestHealth" name="test_public_root_serves_frontend" time="0.334" /><testcase classname="backend.tests.backend_test.TestCatalogo" name="test_catalogo_full" time="0.147" /><testcase classname="backend.tests.backend_test.TestCatalogo" name="test_catalogo_filter_mascotas" time="0.049" /><testcase classname="backend.tests.backend_test.TestPedidos" name="test_create_pedido_valid" time="0.050" /><testcase classname="backend.tests.backend_test.TestPedidos" name="test_create_pedido_invalid_subtotal" time="0.047" /><testcase classname="backend.tests.backend_test.TestPedidos" name="test_create_pedido_invalid_total" time="0.045" /><testcase classname="backend.tests.backend_test.TestPedidos" name="test_create_pedido_bad_order_id_format" time="0.050" /><testcase classname="backend.tests.backend_test.TestPedidos" name="test_list_pedidos_contains_created" time="0.107" /><testcase classname="backend.tests.backend_test.TestPedidos" name="test_patch_pedido_status" time="0.046" /><testcase classname="backend.tests.backend_test.TestWhatsAppWebhook" name="test_verify_correct_token" time="0.046" /><testcase classname="backend.tests.backend_test.TestWhatsAppWebhook" name="test_verify_invalid_token" time="0.049" /><testcase classname="backend.tests.backend_test.TestWhatsAppWebhook" name="test_post_webhook_dev_no_signature" time="0.043" /><testcase classname="backend.tests.backend_test.TestCORS" name="test_cors_allowed_origin_local" time="0.004" /><testcase classname="backend.tests.backend_test.TestCORS" name="test_cors_no_wildcard_local" time="0.006" /></testsuite></testsuites>