<?xml version="1.0" encoding="utf-8"?><testsuites name="pytest tests"><testsuite name="pytest" errors="0" failures="0" skipped="0" tests="25" time="3.244" timestamp="2026-05-10T04:28:52.957577+00:00" hostname="agent-env-b2352844-8435-42ef-8479-0901a3243211"><testcase classname="backend.tests.backend_test.TestHealth" name="test_health_check_local" time="0.026" /><testcase classname="backend.tests.backend_test.TestHealth" name="test_public_root_serves_frontend" time="0.389" /><testcase classname="backend.tests.backend_test.TestHealth" name="test_api_health_public" time="0.186" /><testcase classname="backend.tests.backend_test.TestHealth" name="test_received_at_is_utc_timezone_aware" time="0.050" /><testcase classname="backend.tests.backend_test.TestCatalogo" name="test_catalogo_full" time="0.055" /><testcase classname="backend.tests.backend_test.TestCatalogo" name="test_catalogo_filter_mascotas" time="0.050" /><testcase classname="backend.tests.backend_test.TestPedidos" name="test_create_pedido_valid" time="0.064" /><testcase classname="backend.tests.backend_test.TestPedidos" name="test_create_pedido_invalid_subtotal" time="0.060" /><testcase classname="backend.tests.backend_test.TestPedidos" name="test_create_pedido_invalid_total" time="0.052" /><testcase classname="backend.tests.backend_test.TestPedidos" name="test_create_pedido_bad_order_id_format" time="0.052" /><testcase classname="backend.tests.backend_test.TestPedidos" name="test_list_pedidos_contains_created" time="0.052" /><testcase classname="backend.tests.backend_test.TestPedidos" name="test_patch_pedido_status" time="0.051" /><testcase classname="backend.tests.backend_test.TestPedidos" name="test_patch_pedido_nonexistent_returns_404" time="0.049" /><testcase classname="backend.tests.backend_test.TestPedidos" name="test_create_pedido_invalid_item_total" time="0.056" /><testcase classname="backend.tests.backend_test.TestWhatsAppWebhook" name="test_verify_correct_token" time="0.053" /><testcase classname="backend.tests.backend_test.TestWhatsAppWebhook" name="test_verify_invalid_token" time="0.052" /><testcase classname="backend.tests.backend_test.TestWhatsAppWebhook" name="test_post_webhook_dev_no_signature" time="0.050" /><testcase classname="backend.tests.backend_test.TestCORS" name="test_cors_allowed_origin_local" time="0.005" /><testcase classname="backend.tests.backend_test.TestCORS" name="test_cors_no_wildcard_local" time="0.004" /><testcase classname="backend.tests.backend_test.TestStaticAssets" name="test_pwa_icon_192" time="0.201" /><testcase classname="backend.tests.backend_test.TestStaticAssets" name="test_pwa_icon_512" time="0.237" /><testcase classname="backend.tests.backend_test.TestStaticAssets" name="test_apple_touch_icon" time="0.212" /><testcase classname="backend.tests.backend_test.TestStaticAssets" name="test_barrioya_logo_optimized" time="0.221" /><testcase classname="backend.tests.backend_test.TestStaticAssets" name="test_manifest_points_to_optimized_icons" time="0.182" /><testcase classname="backend.tests.backend_test.TestStaticAssets" name="test_sw_cache_name_v2" time="0.215" /></testsuite></testsuites>